%!Adobe-FontList 1.13
%Locale:0x409

%BeginFont
Handler:DirectoryHandler
FontType:Type1
FontName:ProximaNova-Bold
FamilyName:Proxima Nova
StyleName:Bold
MenuName:Proxima Nova Rg
StyleBits:2
WeightClass:700
WidthClass:5
AngleClass:0
FullName:Proxima Nova Bold
WritingScript:Roman
OutlineFileName:\ProximaNova-Bold.otf
DataFormat:sfntData
UsesStandardEncoding:yes
isCFF:yes
FileLength:63852
FileModTime:1193418742
%EndFont

%BeginFont
Handler:DirectoryHandler
FontType:Type1
FontName:ProximaNova-Light
FamilyName:Proxima Nova
StyleName:Light
MenuName:Proxima Nova Lt
StyleBits:0
WeightClass:300
WidthClass:5
AngleClass:0
FullName:Proxima Nova Light
WritingScript:Roman
OutlineFileName:\ProximaNova-Light.otf
DataFormat:sfntData
UsesStandardEncoding:yes
isCFF:yes
FileLength:62492
FileModTime:1193418742
%EndFont

%BeginFont
Handler:DirectoryHandler
FontType:Type1
FontName:ProximaNova-Regular
FamilyName:Proxima Nova
StyleName:Regular
MenuName:Proxima Nova Rg
StyleBits:0
WeightClass:400
WidthClass:5
AngleClass:0
FullName:Proxima Nova Regular
WritingScript:Roman
OutlineFileName:\ProximaNova-Regular.otf
DataFormat:sfntData
UsesStandardEncoding:yes
isCFF:yes
FileLength:62740
FileModTime:1193418742
%EndFont

%BeginFont
Handler:DirectoryHandler
FontType:TrueType
FontName:TimesNewRomanPS-ItalicMT
FamilyName:Times New Roman
StyleName:Italic
MenuName:Times New Roman
StyleBits:1
WeightClass:400
WidthClass:5
AngleClass:1
FullName:Times New Roman Italic
WritingScript:Roman
OutlineFileName:\Times New Roman Italic.ttf
DataFormat:sfntData
FileLength:660268
FileModTime:1254725994
%EndFont

%BeginFont
Handler:DirectoryHandler
FontType:TrueType
FontName:Times-Italic
FamilyName:Times
StyleName:Italic
MenuName:Times
StyleBits:1
WeightClass:400
WidthClass:5
AngleClass:1
FullName:Times Italic
WritingScript:Roman
OutlineFileName:\Times-Italic.dfont
DataFormat:sfntResource
ResourceID:21585
FileLength:424578
FileModTime:1343927546
%EndFont

%BeginFont
Handler:DirectoryHandler
FontType:Suitcase
FontName:Times-Italic
OutlineFileName:\Times-Italic.dfont
ResourceID:20
MacStyle:0
FileLength:424578
FileModTime:1343927546
%EndFont

